<?xml version="1.0" encoding="UTF-8"?>
<!-- Generated by org.testng.reporters.JUnitReportReporter -->
<testsuite hostname="DESKTOP-VPHC28A" failures="0" tests="1" name="test_scripts.Login1" time="10.164" errors="0" timestamp="2022-09-12T21:40:09 IST" skipped="0">
  <testcase classname="test_scripts.Login1" name="validLogin" time="10.164"/>
  <system-out/>
</testsuite> <!-- test_scripts.Login1 -->
