<?xml version="1.0" encoding="UTF-8"?>
<!-- Generated by org.testng.reporters.JUnitReportReporter -->
<testsuite hostname="DESKTOP-VPHC28A" failures="0" tests="1" name="demo.Databaseconnectivity" time="1.698" errors="0" timestamp="2022-09-24T13:59:31 IST" skipped="0">
  <testcase classname="demo.Databaseconnectivity" name="script" time="1.698"/>
  <system-out/>
</testsuite> <!-- demo.Databaseconnectivity -->
