<?xml version="1.0" encoding="UTF-8"?>
<!-- Generated by org.testng.reporters.JUnitReportReporter -->
<testsuite hostname="DESKTOP-VPHC28A" failures="0" tests="4" name="testNG.Invocation$Demo1" time="0.032" errors="0" timestamp="2022-09-08T17:28:43 IST" skipped="0">
  <testcase classname="testNG.Invocation$Demo1" name="test2" time="0.017"/>
  <system-out>
    <![CDATA[2]]>
  </system-out>
  <testcase classname="testNG.Invocation$Demo1" name="test1" time="0.004"/>
  <system-out>
    <![CDATA[1]]>
  </system-out>
  <testcase classname="testNG.Invocation$Demo1" name="test1" time="0.005"/>
  <system-out>
    <![CDATA[1]]>
  </system-out>
  <testcase classname="testNG.Invocation$Demo1" name="test1" time="0.006"/>
  <system-out>
    <![CDATA[1]]>
  </system-out>
</testsuite> <!-- testNG.Invocation$Demo1 -->
