<?xml version="1.0" encoding="UTF-8"?>
<!-- Generated by org.testng.reporters.JUnitReportReporter -->
<testsuite hostname="DESKTOP-VPHC28A" failures="0" tests="2" name="demo.Demo1" time="0.015" errors="0" timestamp="2022-09-24T13:59:31 IST" skipped="0">
  <testcase classname="demo.Demo1" name="test2" time="0.002"/>
  <system-out>
    <![CDATA[2]]>
  </system-out>
  <testcase classname="demo.Demo1" name="test1" time="0.013"/>
  <system-out>
    <![CDATA[1]]>
  </system-out>
</testsuite> <!-- demo.Demo1 -->
