<?xml version="1.0" encoding="UTF-8"?>
<!-- Generated by org.testng.reporters.JUnitReportReporter -->
<testsuite hostname="DESKTOP-VPHC28A" failures="0" tests="1" name="demo.Demo2" time="0.028" errors="0" timestamp="2022-09-24T13:59:31 IST" skipped="0">
  <testcase classname="demo.Demo2" name="test3" time="0.028"/>
  <system-out>
    <![CDATA[3]]>
  </system-out>
</testsuite> <!-- demo.Demo2 -->
