<?xml version="1.0" encoding="UTF-8"?>
<!-- Generated by org.testng.reporters.JUnitReportReporter -->
<testsuite hostname="DESKTOP-VPHC28A" failures="0" tests="2" name="testNG.Demo1" time="0.018" errors="0" timestamp="2022-09-06T22:28:03 IST" skipped="0">
  <testcase classname="testNG.Demo1" name="test1" time="0.015"/>
  <system-out>
    <![CDATA[1]]>
  </system-out>
  <testcase classname="testNG.Demo1" name="test2" time="0.003"/>
  <system-out>
    <![CDATA[2]]>
  </system-out>
</testsuite> <!-- testNG.Demo1 -->
