<?xml version="1.0" encoding="UTF-8"?>
<!-- Generated by org.testng.reporters.JUnitReportReporter -->
<testsuite hostname="DESKTOP-VPHC28A" failures="0" tests="2" name="demo.Parallel1" time="33.127" errors="0" timestamp="2022-09-24T14:18:29 IST" skipped="0">
  <testcase classname="demo.Parallel1" name="exec1" time="17.571"/>
  <system-out/>
  <testcase classname="demo.Parallel1" name="exec1" time="15.556"/>
  <system-out/>
</testsuite> <!-- demo.Parallel1 -->
