<?xml version="1.0" encoding="UTF-8"?>
<!-- Generated by org.testng.reporters.JUnitReportReporter -->
<testsuite hostname="DESKTOP-VPHC28A" failures="0" tests="1" name="testNG.Demo2" time="0.024" errors="0" timestamp="2022-09-06T22:27:56 IST" skipped="0">
  <testcase classname="testNG.Demo2" name="test3" time="0.024"/>
  <system-out>
    <![CDATA[3]]>
  </system-out>
</testsuite> <!-- testNG.Demo2 -->
