<?xml version="1.0" encoding="UTF-8"?>
<!-- Generated by org.testng.reporters.JUnitReportReporter -->
<testsuite hostname="DESKTOP-VPHC28A" failures="0" tests="2" name="demo.Dependancy" time="0.010" errors="0" timestamp="2022-09-24T13:59:31 IST" skipped="0">
  <testcase classname="demo.Dependancy" name="test1" time="0.006"/>
  <system-out>
    <![CDATA[1]]>
  </system-out>
  <testcase classname="demo.Dependancy" name="test2" time="0.004"/>
  <system-out>
    <![CDATA[2]]>
  </system-out>
</testsuite> <!-- demo.Dependancy -->
