<?xml version="1.0" encoding="UTF-8"?>
<!-- Generated by org.testng.reporters.JUnitReportReporter -->
<testsuite hostname="DESKTOP-VPHC28A" failures="0" tests="2" name="testNG.Wantly_skip$Demo1" time="0.017" errors="0" timestamp="2022-09-08T17:31:42 IST" skipped="1">
  <testcase classname="testNG.Wantly_skip$Demo1" name="test2" time="0.017"/>
  <system-out>
    <![CDATA[2]]>
  </system-out>
  <testcase classname="testNG.Wantly_skip$Demo1" name="test1">
    <skipped/>
  </testcase> <!-- test1 -->
  <system-out/>
</testsuite> <!-- testNG.Wantly_skip$Demo1 -->
