<?xml version="1.0" encoding="UTF-8"?>
<!-- Generated by org.testng.reporters.JUnitReportReporter -->
<testsuite hostname="DESKTOP-VPHC28A" failures="0" tests="2" name="testNG.Priority$Demo1" time="0.025" errors="0" timestamp="2022-09-08T17:26:55 IST" skipped="0">
  <testcase classname="testNG.Priority$Demo1" name="test2" time="0.021"/>
  <system-out>
    <![CDATA[2]]>
  </system-out>
  <testcase classname="testNG.Priority$Demo1" name="test1" time="0.004"/>
  <system-out>
    <![CDATA[1]]>
  </system-out>
</testsuite> <!-- testNG.Priority$Demo1 -->
